<?xml version="1.0" encoding="UTF-8"?>
<!-- Generated by org.testng.reporters.JUnitReportReporter -->
<testsuite hostname="Jitesh" failures="0" tests="2" name="corbett_siku.FullFlowWithWaits_Profile1" time="81.093" errors="0" timestamp="2024-04-26T20:38:00 IST" skipped="0">
  <testcase classname="corbett_siku.FullFlowWithWaits_Profile1" name="EnterMobile" time="3.101"/>
  <system-out/>
  <testcase classname="corbett_siku.FullFlowWithWaits_Profile1" name="FillMemberDetails" time="77.992"/>
  <system-out/>
</testsuite> <!-- corbett_siku.FullFlowWithWaits_Profile1 -->
