<?xml version="1.0" encoding="UTF-8"?>
<!-- Generated by org.testng.reporters.JUnitReportReporter -->
<testsuite hostname="Jitesh" failures="0" tests="2" name="corbett_siku.FullFlowWithWaits_Profile1" time="88.957" errors="0" timestamp="2024-04-27T21:24:40 IST" skipped="0">
  <testcase classname="corbett_siku.FullFlowWithWaits_Profile1" name="EnterMobile" time="3.123"/>
  <system-out/>
  <testcase classname="corbett_siku.FullFlowWithWaits_Profile1" name="FillMemberDetails" time="85.834"/>
  <system-out/>
</testsuite> <!-- corbett_siku.FullFlowWithWaits_Profile1 -->
