<?xml version="1.0" encoding="UTF-8"?>
<!-- Generated by org.testng.reporters.JUnitReportReporter -->
<testsuite hostname="Jitesh" failures="0" tests="2" name="corbett_siku.FullFlowWithWaits_Profile1" time="61.193" errors="0" timestamp="2024-04-26T20:21:18 IST" skipped="0">
  <testcase classname="corbett_siku.FullFlowWithWaits_Profile1" name="FillMemberDetails" time="58.041"/>
  <system-out/>
  <testcase classname="corbett_siku.FullFlowWithWaits_Profile1" name="EnterMobile" time="3.152"/>
  <system-out/>
</testsuite> <!-- corbett_siku.FullFlowWithWaits_Profile1 -->
