<?xml version="1.0" encoding="UTF-8"?>
<!-- Generated by org.testng.reporters.JUnitReportReporter -->
<testsuite hostname="Jitesh" failures="0" tests="2" name="corbett_siku.FullFlowWithWaits_Profile1" time="71.068" errors="0" timestamp="2024-04-27T21:46:38 IST" skipped="0">
  <testcase classname="corbett_siku.FullFlowWithWaits_Profile1" name="FillMemberDetails" time="68.744"/>
  <system-out/>
  <testcase classname="corbett_siku.FullFlowWithWaits_Profile1" name="EnterMobile" time="2.324"/>
  <system-out/>
</testsuite> <!-- corbett_siku.FullFlowWithWaits_Profile1 -->
